> Task :expo-gradle-plugin:expo-autolinking-plugin-shared:checkKotlinGradlePluginConfigurationErrors SKIPPED
> Task :gradle-plugin:settings-plugin:checkKotlinGradlePluginConfigurationErrors SKIPPED
> Task :expo-gradle-plugin:expo-autolinking-settings-plugin:checkKotlinGradlePluginConfigurationErrors SKIPPED
> Task :gradle-plugin:shared:checkKotlinGradlePluginConfigurationErrors SKIPPED
> Task :gradle-plugin:settings-plugin:pluginDescriptors UP-TO-DATE
> Task :expo-gradle-plugin:expo-autolinking-settings-plugin:pluginDescriptors UP-TO-DATE
> Task :gradle-plugin:settings-plugin:processResources UP-TO-DATE
> Task :expo-gradle-plugin:expo-autolinking-settings-plugin:processResources UP-TO-DATE
> Task :expo-gradle-plugin:expo-autolinking-plugin-shared:compileKotlin UP-TO-DATE
> Task :gradle-plugin:shared:compileKotlin UP-TO-DATE
> Task :expo-gradle-plugin:expo-autolinking-plugin-shared:compileJava NO-SOURCE
> Task :gradle-plugin:shared:compileJava NO-SOURCE
> Task :gradle-plugin:shared:processResources NO-SOURCE
> Task :gradle-plugin:shared:classes UP-TO-DATE
> Task :expo-gradle-plugin:expo-autolinking-plugin-shared:processResources NO-SOURCE
> Task :expo-gradle-plugin:expo-autolinking-plugin-shared:classes UP-TO-DATE
> Task :gradle-plugin:shared:jar UP-TO-DATE
> Task :expo-gradle-plugin:expo-autolinking-plugin-shared:jar UP-TO-DATE
> Task :gradle-plugin:settings-plugin:compileKotlin UP-TO-DATE
> Task :gradle-plugin:settings-plugin:compileJava NO-SOURCE
> Task :gradle-plugin:settings-plugin:classes UP-TO-DATE
> Task :gradle-plugin:settings-plugin:jar UP-TO-DATE
> Task :expo-gradle-plugin:expo-autolinking-settings-plugin:compileKotlin UP-TO-DATE
> Task :expo-gradle-plugin:expo-autolinking-settings-plugin:compileJava NO-SOURCE
> Task :expo-gradle-plugin:expo-autolinking-settings-plugin:classes UP-TO-DATE
> Task :expo-gradle-plugin:expo-autolinking-settings-plugin:jar UP-TO-DATE
> Task :expo-gradle-plugin:expo-autolinking-plugin:checkKotlinGradlePluginConfigurationErrors SKIPPED
> Task :gradle-plugin:react-native-gradle-plugin:checkKotlinGradlePluginConfigurationErrors SKIPPED
> Task :expo-module-gradle-plugin:checkKotlinGradlePluginConfigurationErrors SKIPPED
> Task :expo-module-gradle-plugin:pluginDescriptors UP-TO-DATE
> Task :expo-module-gradle-plugin:processResources UP-TO-DATE
> Task :expo-gradle-plugin:expo-autolinking-plugin:compileKotlin UP-TO-DATE
> Task :expo-gradle-plugin:expo-autolinking-plugin:compileJava NO-SOURCE
> Task :gradle-plugin:react-native-gradle-plugin:compileKotlin UP-TO-DATE
> Task :expo-gradle-plugin:expo-autolinking-plugin:pluginDescriptors UP-TO-DATE
> Task :gradle-plugin:react-native-gradle-plugin:compileJava NO-SOURCE
> Task :expo-gradle-plugin:expo-autolinking-plugin:processResources UP-TO-DATE
> Task :gradle-plugin:react-native-gradle-plugin:pluginDescriptors UP-TO-DATE
> Task :expo-gradle-plugin:expo-autolinking-plugin:classes UP-TO-DATE
> Task :gradle-plugin:react-native-gradle-plugin:processResources UP-TO-DATE
> Task :gradle-plugin:react-native-gradle-plugin:classes UP-TO-DATE
> Task :expo-gradle-plugin:expo-autolinking-plugin:jar UP-TO-DATE
> Task :gradle-plugin:react-native-gradle-plugin:jar UP-TO-DATE
> Task :expo-module-gradle-plugin:compileKotlin UP-TO-DATE
> Task :expo-module-gradle-plugin:compileJava NO-SOURCE
> Task :expo-module-gradle-plugin:classes UP-TO-DATE
> Task :expo-module-gradle-plugin:jar UP-TO-DATE

> Configure project :
[32m[ExpoRootProject][0m Using the following versions:
  - buildTools:  [32m36.0.0[0m
  - minSdk:      [32m24[0m
  - compileSdk:  [32m36[0m
  - targetSdk:   [32m36[0m
  - ndk:         [32m27.1.12297006[0m
  - kotlin:      [32m2.1.20[0m
  - ksp:         [32m2.1.20-2.0.1[0m

> Configure project :expo

Using expo modules
  - [32mexpo-constants[0m (18.0.9)
  - [32mexpo-modules-core[0m (3.0.20)
  - [33m[📦][0m [32mexpo-application[0m (7.0.7)
  - [33m[📦][0m [32mexpo-asset[0m (12.0.9)
  - [33m[📦][0m [32mexpo-av[0m (16.0.7)
  - [33m[📦][0m [32mexpo-background-fetch[0m (14.0.7)
  - [33m[📦][0m [32mexpo-file-system[0m (19.0.16)
  - [33m[📦][0m [32mexpo-font[0m (14.0.8)
  - [33m[📦][0m [32mexpo-image-loader[0m (6.0.0)
  - [33m[📦][0m [32mexpo-image-picker[0m (17.0.8)
  - [33m[📦][0m [32mexpo-keep-awake[0m (15.0.7)
  - [33m[📦][0m [32mexpo-localization[0m (17.0.7)
  - [33m[📦][0m [32mexpo-notifications[0m (0.32.12)
  - [33m[📦][0m [32mexpo-speech[0m (14.0.7)
  - [33m[📦][0m [32mexpo-task-manager[0m (14.0.7)
  - [33m[📦][0m [32munimodules-app-loader[0m (6.0.7)


> Task :react-native-voice_voice:preBuild UP-TO-DATE
> Task :expo-modules-core:preBuild UP-TO-DATE
> Task :react-native-community_netinfo:preBuild UP-TO-DATE
> Task :react-native-voice_voice:preReleaseBuild UP-TO-DATE
> Task :react-native-community_netinfo:preReleaseBuild UP-TO-DATE
> Task :expo-modules-core:preReleaseBuild UP-TO-DATE
> Task :app:generateAutolinkingNewArchitectureFiles
> Task :react-native-reanimated:assertMinimalReactNativeVersionTask
> Task :react-native-worklets:assertMinimalReactNativeVersionTask
> Task :react-native-reanimated:assertNewArchitectureEnabledTask SKIPPED
> Task :react-native-worklets:assertNewArchitectureEnabledTask SKIPPED
> Task :react-native-voice_voice:mergeReleaseJniLibFolders
> Task :app:generateAutolinkingPackageList
> Task :react-native-community_netinfo:mergeReleaseJniLibFolders
> Task :app:generateCodegenSchemaFromJavaScript SKIPPED
> Task :react-native-voice_voice:mergeReleaseNativeLibs NO-SOURCE
> Task :app:generateCodegenArtifactsFromSchema SKIPPED
> Task :react-native-community_netinfo:mergeReleaseNativeLibs NO-SOURCE
> Task :react-native-voice_voice:copyReleaseJniLibsProjectOnly
> Task :react-native-community_netinfo:copyReleaseJniLibsProjectOnly
> Task :react-native-voice_voice:generateReleaseBuildConfig
> Task :app:generateReactNativeEntryPoint
> Task :react-native-community_netinfo:generateReleaseBuildConfig
> Task :react-native-voice_voice:generateReleaseResValues
> Task :react-native-community_netinfo:generateReleaseResValues
> Task :react-native-voice_voice:generateReleaseResources
> Task :react-native-reanimated:assertWorkletsVersionTask
> Task :react-native-community_netinfo:generateReleaseResources
> Task :react-native-safe-area-context:generateCodegenSchemaFromJavaScript
> Task :react-native-community_netinfo:packageReleaseResources
> Task :react-native-voice_voice:packageReleaseResources
> Task :react-native-worklets-core:generateCodegenSchemaFromJavaScript
> Task :react-native-gesture-handler:generateCodegenSchemaFromJavaScript
> Task :app:buildKotlinToolingMetadata
> Task :app:checkKotlinGradlePluginConfigurationErrors SKIPPED
> Task :react-native-screens:generateCodegenSchemaFromJavaScript
> Task :react-native-async-storage_async-storage:generateCodegenSchemaFromJavaScript
> Task :react-native-worklets:generateCodegenSchemaFromJavaScript

> Task :expo-constants:createExpoConfig
The NODE_ENV environment variable is required but was not specified. Ensure the project is bundled with Expo CLI or NODE_ENV is set. Using only .env.local and .env

> Task :expo-constants:preBuild
> Task :expo-constants:preReleaseBuild
> Task :react-native-vector-icons:generateCodegenSchemaFromJavaScript
> Task :react-native-reanimated:generateCodegenSchemaFromJavaScript
> Task :react-native-safe-area-context:generateCodegenArtifactsFromSchema
> Task :react-native-safe-area-context:preBuild
> Task :react-native-worklets-core:generateCodegenArtifactsFromSchema
> Task :react-native-safe-area-context:preReleaseBuild
> Task :react-native-voice_voice:parseReleaseLocalResources
> Task :react-native-gesture-handler:generateCodegenArtifactsFromSchema
> Task :react-native-gesture-handler:preBuild
> Task :react-native-gesture-handler:preReleaseBuild
> Task :expo:generatePackagesList
> Task :expo:preBuild
> Task :expo:preReleaseBuild
> Task :react-native-async-storage_async-storage:generateCodegenArtifactsFromSchema
> Task :react-native-worklets:generateCodegenArtifactsFromSchema
> Task :react-native-async-storage_async-storage:preBuild
> Task :react-native-async-storage_async-storage:preReleaseBuild
> Task :react-native-screens:generateCodegenArtifactsFromSchema
> Task :react-native-screens:preBuild
> Task :react-native-screens:preReleaseBuild
> Task :react-native-safe-area-context:mergeReleaseJniLibFolders
> Task :react-native-safe-area-context:mergeReleaseNativeLibs NO-SOURCE
> Task :react-native-vector-icons:generateCodegenArtifactsFromSchema
> Task :react-native-vector-icons:preBuild
> Task :react-native-vector-icons:preReleaseBuild
> Task :react-native-worklets-core:prepareHeaders
> Task :react-native-worklets-core:preBuild
> Task :react-native-worklets-core:preReleaseBuild
> Task :react-native-worklets:prepareWorkletsHeadersForPrefabs
> Task :react-native-worklets:preBuild
> Task :react-native-worklets:preReleaseBuild
> Task :react-native-reanimated:generateCodegenArtifactsFromSchema
> Task :react-native-reanimated:prepareReanimatedHeadersForPrefabs
> Task :react-native-reanimated:preBuild
> Task :react-native-reanimated:preReleaseBuild
> Task :expo:mergeReleaseJniLibFolders
> Task :react-native-gesture-handler:mergeReleaseJniLibFolders
> Task :expo:mergeReleaseNativeLibs NO-SOURCE
> Task :react-native-gesture-handler:checkKotlinGradlePluginConfigurationErrors SKIPPED
> Task :react-native-gesture-handler:generateReleaseBuildConfig
> Task :expo-constants:mergeReleaseJniLibFolders
> Task :expo:copyReleaseJniLibsProjectOnly
> Task :react-native-gesture-handler:generateReleaseResValues
> Task :react-native-safe-area-context:checkKotlinGradlePluginConfigurationErrors SKIPPED
> Task :expo-constants:mergeReleaseNativeLibs NO-SOURCE
> Task :react-native-vector-icons:mergeReleaseJniLibFolders
> Task :react-native-safe-area-context:copyReleaseJniLibsProjectOnly
> Task :react-native-gesture-handler:generateReleaseResources
> Task :react-native-safe-area-context:generateReleaseBuildConfig
> Task :react-native-vector-icons:mergeReleaseNativeLibs NO-SOURCE
> Task :react-native-safe-area-context:generateReleaseResValues
> Task :react-native-safe-area-context:generateReleaseResources
> Task :react-native-gesture-handler:packageReleaseResources
> Task :react-native-safe-area-context:packageReleaseResources
> Task :expo:checkKotlinGradlePluginConfigurationErrors SKIPPED
> Task :react-native-community_netinfo:parseReleaseLocalResources
> Task :expo-constants:copyReleaseJniLibsProjectOnly
> Task :expo:generateReleaseBuildConfig
> Task :react-native-voice_voice:javaPreCompileRelease
> Task :react-native-vector-icons:copyReleaseJniLibsProjectOnly
> Task :expo-constants:checkKotlinGradlePluginConfigurationErrors SKIPPED
> Task :react-native-safe-area-context:javaPreCompileRelease
> Task :react-native-community_netinfo:javaPreCompileRelease
> Task :expo:generateReleaseResValues
> Task :react-native-vector-icons:generateReleaseBuildConfig
> Task :expo-constants:generateReleaseBuildConfig
> Task :react-native-gesture-handler:parseReleaseLocalResources
> Task :expo:generateReleaseResources
> Task :expo-constants:generateReleaseResValues
> Task :react-native-vector-icons:generateReleaseResValues
> Task :react-native-async-storage_async-storage:mergeReleaseJniLibFolders
> Task :react-native-gesture-handler:javaPreCompileRelease
> Task :react-native-async-storage_async-storage:mergeReleaseNativeLibs NO-SOURCE
> Task :expo-constants:generateReleaseResources
> Task :react-native-safe-area-context:writeReleaseAarMetadata
> Task :react-native-reanimated:mergeReleaseJniLibFolders
> Task :react-native-reanimated:generateReleaseBuildConfig
> Task :react-native-vector-icons:generateReleaseResources
> Task :react-native-safe-area-context:parseReleaseLocalResources
> Task :react-native-gesture-handler:writeReleaseAarMetadata
> Task :react-native-async-storage_async-storage:copyReleaseJniLibsProjectOnly
> Task :react-native-reanimated:generateReleaseResValues
> Task :react-native-async-storage_async-storage:generateReleaseBuildConfig
> Task :react-native-voice_voice:generateReleaseRFile
> Task :expo:packageReleaseResources
> Task :react-native-community_netinfo:generateReleaseRFile
> Task :expo-constants:packageReleaseResources
> Task :react-native-safe-area-context:generateReleaseRFile
> Task :react-native-vector-icons:packageReleaseResources
> Task :react-native-voice_voice:writeReleaseAarMetadata
> Task :react-native-reanimated:generateReleaseResources
> Task :react-native-gesture-handler:extractDeepLinksRelease
> Task :react-native-community_netinfo:extractDeepLinksRelease
> Task :react-native-async-storage_async-storage:generateReleaseResValues
> Task :react-native-community_netinfo:writeReleaseAarMetadata
> Task :expo:javaPreCompileRelease
> Task :react-native-async-storage_async-storage:generateReleaseResources
> Task :expo:parseReleaseLocalResources
> Task :react-native-reanimated:packageReleaseResources
> Task :react-native-gesture-handler:generateReleaseRFile
> Task :react-native-vector-icons:javaPreCompileRelease
> Task :expo-constants:parseReleaseLocalResources
> Task :react-native-async-storage_async-storage:packageReleaseResources
> Task :react-native-async-storage_async-storage:parseReleaseLocalResources
> Task :react-native-gesture-handler:processReleaseManifest
> Task :expo:generateReleaseRFile
> Task :react-native-async-storage_async-storage:generateReleaseRFile
> Task :react-native-async-storage_async-storage:javaPreCompileRelease
> Task :expo:writeReleaseAarMetadata
> Task :react-native-reanimated:parseReleaseLocalResources
> Task :react-native-vector-icons:parseReleaseLocalResources
> Task :react-native-reanimated:generateReleaseRFile
> Task :react-native-reanimated:javaPreCompileRelease
> Task :expo:extractDeepLinksRelease
> Task :react-native-vector-icons:generateReleaseRFile
> Task :expo:processReleaseManifest
> Task :expo-constants:javaPreCompileRelease
> Task :expo-constants:extractDeepLinksRelease
> Task :react-native-reanimated:extractDeepLinksRelease
> Task :react-native-vector-icons:writeReleaseAarMetadata
> Task :react-native-reanimated:processReleaseManifest
> Task :expo:compileReleaseLibraryResources
> Task :expo-constants:generateReleaseRFile
> Task :expo-constants:writeReleaseAarMetadata
> Task :react-native-reanimated:writeReleaseAarMetadata
> Task :expo-constants:compileReleaseLibraryResources
> Task :expo-constants:processReleaseManifest
> Task :react-native-gesture-handler:prepareReleaseArtProfile
> Task :react-native-reanimated:prepareReleaseArtProfile
> Task :expo-constants:prepareReleaseArtProfile
> Task :expo:prepareReleaseArtProfile
> Task :react-native-reanimated:mergeReleaseShaders
> Task :react-native-gesture-handler:compileReleaseLibraryResources
> Task :react-native-reanimated:compileReleaseLibraryResources
> Task :expo:mergeReleaseShaders
> Task :react-native-gesture-handler:mergeReleaseShaders
> Task :expo-constants:mergeReleaseShaders
> Task :react-native-reanimated:compileReleaseShaders NO-SOURCE
> Task :react-native-reanimated:generateReleaseAssets UP-TO-DATE
> Task :expo:compileReleaseShaders NO-SOURCE
> Task :expo:generateReleaseAssets UP-TO-DATE
> Task :react-native-gesture-handler:compileReleaseShaders NO-SOURCE
> Task :react-native-gesture-handler:generateReleaseAssets UP-TO-DATE
> Task :expo-constants:compileReleaseShaders NO-SOURCE
> Task :react-native-reanimated:mergeReleaseAssets
> Task :expo-constants:generateReleaseAssets UP-TO-DATE
> Task :expo:mergeReleaseAssets
> Task :react-native-reanimated:processReleaseJavaRes NO-SOURCE
> Task :expo:extractProguardFiles
> Task :react-native-reanimated:extractProguardFiles
> Task :react-native-gesture-handler:mergeReleaseAssets
> Task :expo:stripReleaseDebugSymbols NO-SOURCE
> Task :react-native-reanimated:extractDeepLinksForAarRelease
> Task :react-native-gesture-handler:extractProguardFiles
> Task :expo:extractDeepLinksForAarRelease
> Task :expo-constants:mergeReleaseAssets
> Task :expo:prepareLintJarForPublish
> Task :expo:copyReleaseJniLibsProjectAndLocalJars
> Task :react-native-gesture-handler:extractDeepLinksForAarRelease
> Task :expo-constants:extractProguardFiles
> Task :react-native-reanimated:writeReleaseLintModelMetadata
> Task :expo:writeReleaseLintModelMetadata
> Task :react-native-gesture-handler:writeReleaseLintModelMetadata
> Task :expo-constants:stripReleaseDebugSymbols NO-SOURCE
> Task :react-native-reanimated:prepareLintJarForPublish
> Task :expo-constants:prepareLintJarForPublish
> Task :react-native-gesture-handler:prepareLintJarForPublish
> Task :expo-constants:copyReleaseJniLibsProjectAndLocalJars
> Task :expo-constants:extractDeepLinksForAarRelease
> Task :expo-constants:writeReleaseLintModelMetadata
> Task :expo-constants:mapReleaseSourceSetPaths

> Task :app:createBundleReleaseJsAndAssets
Starting Metro Bundler
warning: Bundler cache is empty, rebuilding (this may take a minute)

> Task :expo-constants:mergeReleaseResources
> Task :react-native-reanimated:mergeReleaseJavaResource
> Task :expo-constants:verifyReleaseResources
> Task :react-native-safe-area-context:extractDeepLinksRelease
> Task :react-native-safe-area-context:compileReleaseLibraryResources
> Task :react-native-safe-area-context:prepareReleaseArtProfile

> Task :react-native-safe-area-context:processReleaseManifest
package="com.th3rdwave.safeareacontext" found in source AndroidManifest.xml: /home/meson/Meson/mesonRadio/node_modules/react-native-safe-area-context/android/src/main/AndroidManifest.xml.
Setting the namespace via the package attribute in the source AndroidManifest.xml is no longer supported, and the value is ignored.
Recommendation: remove package="com.th3rdwave.safeareacontext" from the source AndroidManifest.xml: /home/meson/Meson/mesonRadio/node_modules/react-native-safe-area-context/android/src/main/AndroidManifest.xml.

> Task :react-native-safe-area-context:mergeReleaseShaders
> Task :react-native-safe-area-context:compileReleaseShaders NO-SOURCE
> Task :react-native-safe-area-context:generateReleaseAssets UP-TO-DATE
> Task :react-native-safe-area-context:mergeReleaseAssets
> Task :react-native-safe-area-context:extractProguardFiles
> Task :react-native-safe-area-context:prepareLintJarForPublish
> Task :react-native-safe-area-context:stripReleaseDebugSymbols NO-SOURCE
> Task :react-native-safe-area-context:copyReleaseJniLibsProjectAndLocalJars
> Task :react-native-safe-area-context:extractDeepLinksForAarRelease
> Task :react-native-safe-area-context:writeReleaseLintModelMetadata

> Task :react-native-vector-icons:compileReleaseJavaWithJavac
Note: Some input files use or override a deprecated API.
Note: Recompile with -Xlint:deprecation for details.

> Task :react-native-community_netinfo:compileReleaseJavaWithJavac
/home/meson/Meson/mesonRadio/node_modules/@react-native-community/netinfo/android/src/main/java/com/reactnativecommunity/netinfo/NetInfoModule.java:47: warning: [removal] onCatalystInstanceDestroy() in NativeModule has been deprecated and marked for removal
    public void onCatalystInstanceDestroy() {
                ^
Note: Some input files use or override a deprecated API.
Note: Recompile with -Xlint:deprecation for details.
1 warning

> Task :react-native-voice_voice:compileReleaseJavaWithJavac
Note: Some input files use or override a deprecated API.
Note: Recompile with -Xlint:deprecation for details.

> Task :react-native-vector-icons:bundleLibRuntimeToDirRelease
> Task :react-native-community_netinfo:bundleLibRuntimeToDirRelease
> Task :react-native-vector-icons:extractDeepLinksRelease

> Task :react-native-community_netinfo:processReleaseManifest
package="com.reactnativecommunity.netinfo" found in source AndroidManifest.xml: /home/meson/Meson/mesonRadio/node_modules/@react-native-community/netinfo/android/src/main/AndroidManifest.xml.
Setting the namespace via the package attribute in the source AndroidManifest.xml is no longer supported, and the value is ignored.
Recommendation: remove package="com.reactnativecommunity.netinfo" from the source AndroidManifest.xml: /home/meson/Meson/mesonRadio/node_modules/@react-native-community/netinfo/android/src/main/AndroidManifest.xml.

> Task :react-native-async-storage_async-storage:compileReleaseJavaWithJavac
Note: Some input files use or override a deprecated API.
Note: Recompile with -Xlint:deprecation for details.
Note: /home/meson/Meson/mesonRadio/node_modules/@react-native-async-storage/async-storage/android/src/javaPackage/java/com/reactnativecommunity/asyncstorage/AsyncStoragePackage.java uses unchecked or unsafe operations.
Note: Recompile with -Xlint:unchecked for details.

> Task :react-native-vector-icons:processReleaseManifest
package="com.oblador.vectoricons" found in source AndroidManifest.xml: /home/meson/Meson/mesonRadio/node_modules/react-native-vector-icons/android/src/main/AndroidManifest.xml.
Setting the namespace via the package attribute in the source AndroidManifest.xml is no longer supported, and the value is ignored.
Recommendation: remove package="com.oblador.vectoricons" from the source AndroidManifest.xml: /home/meson/Meson/mesonRadio/node_modules/react-native-vector-icons/android/src/main/AndroidManifest.xml.

> Task :react-native-community_netinfo:prepareReleaseArtProfile
> Task :react-native-vector-icons:prepareReleaseArtProfile
> Task :react-native-vector-icons:compileReleaseLibraryResources
> Task :react-native-community_netinfo:compileReleaseLibraryResources
> Task :react-native-vector-icons:bundleLibCompileToJarRelease
> Task :react-native-async-storage_async-storage:writeReleaseAarMetadata
> Task :react-native-async-storage_async-storage:extractDeepLinksRelease
> Task :react-native-community_netinfo:bundleLibCompileToJarRelease
> Task :react-native-vector-icons:bundleLibRuntimeToJarRelease
> Task :react-native-community_netinfo:bundleLibRuntimeToJarRelease
> Task :react-native-async-storage_async-storage:bundleLibRuntimeToDirRelease
> Task :react-native-community_netinfo:mergeReleaseShaders
> Task :react-native-async-storage_async-storage:compileReleaseLibraryResources

> Task :react-native-async-storage_async-storage:processReleaseManifest
package="com.reactnativecommunity.asyncstorage" found in source AndroidManifest.xml: /home/meson/Meson/mesonRadio/node_modules/@react-native-async-storage/async-storage/android/src/main/AndroidManifest.xml.
Setting the namespace via the package attribute in the source AndroidManifest.xml is no longer supported, and the value is ignored.
Recommendation: remove package="com.reactnativecommunity.asyncstorage" from the source AndroidManifest.xml: /home/meson/Meson/mesonRadio/node_modules/@react-native-async-storage/async-storage/android/src/main/AndroidManifest.xml.

> Task :react-native-community_netinfo:compileReleaseShaders NO-SOURCE
> Task :react-native-community_netinfo:generateReleaseAssets UP-TO-DATE
> Task :react-native-vector-icons:mergeReleaseShaders
> Task :react-native-async-storage_async-storage:prepareReleaseArtProfile
> Task :react-native-async-storage_async-storage:bundleLibCompileToJarRelease
> Task :react-native-vector-icons:compileReleaseShaders NO-SOURCE
> Task :react-native-community_netinfo:mergeReleaseAssets
> Task :react-native-vector-icons:generateReleaseAssets UP-TO-DATE
> Task :react-native-async-storage_async-storage:mergeReleaseShaders
> Task :react-native-vector-icons:mergeReleaseAssets
> Task :react-native-async-storage_async-storage:bundleLibRuntimeToJarRelease
> Task :react-native-async-storage_async-storage:compileReleaseShaders NO-SOURCE
> Task :react-native-vector-icons:processReleaseJavaRes NO-SOURCE
> Task :react-native-async-storage_async-storage:generateReleaseAssets UP-TO-DATE
> Task :react-native-community_netinfo:processReleaseJavaRes NO-SOURCE
> Task :react-native-async-storage_async-storage:mergeReleaseAssets
> Task :react-native-async-storage_async-storage:processReleaseJavaRes NO-SOURCE
> Task :react-native-community_netinfo:createFullJarRelease
> Task :react-native-community_netinfo:extractProguardFiles
> Task :react-native-async-storage_async-storage:createFullJarRelease
> Task :react-native-async-storage_async-storage:extractProguardFiles
> Task :react-native-voice_voice:bundleLibRuntimeToDirRelease
> Task :react-native-voice_voice:extractDeepLinksRelease

> Task :app:createBundleReleaseJsAndAssets
Android node_modules/expo/AppEntry.js ▓▓▓▓▓░░░░░░░░░░░ 36.5% ( 98/273)

> Task :react-native-vector-icons:createFullJarRelease

> Task :react-native-voice_voice:processReleaseManifest
package="com.wenkesj.voice" found in source AndroidManifest.xml: /home/meson/Meson/mesonRadio/node_modules/@react-native-voice/voice/android/src/main/AndroidManifest.xml.
Setting the namespace via the package attribute in the source AndroidManifest.xml is no longer supported, and the value is ignored.
Recommendation: remove package="com.wenkesj.voice" from the source AndroidManifest.xml: /home/meson/Meson/mesonRadio/node_modules/@react-native-voice/voice/android/src/main/AndroidManifest.xml.

> Task :react-native-voice_voice:compileReleaseLibraryResources
> Task :react-native-vector-icons:extractProguardFiles
> Task :react-native-voice_voice:bundleLibCompileToJarRelease
> Task :react-native-voice_voice:prepareReleaseArtProfile
> Task :react-native-voice_voice:bundleLibRuntimeToJarRelease
> Task :react-native-voice_voice:mergeReleaseShaders
> Task :react-native-voice_voice:compileReleaseShaders NO-SOURCE
> Task :react-native-voice_voice:generateReleaseAssets UP-TO-DATE
> Task :react-native-voice_voice:mergeReleaseAssets
> Task :react-native-voice_voice:processReleaseJavaRes NO-SOURCE
> Task :react-native-voice_voice:createFullJarRelease
> Task :react-native-voice_voice:extractProguardFiles
> Task :react-native-safe-area-context:mapReleaseSourceSetPaths

> Task :app:createBundleReleaseJsAndAssets
Android node_modules/expo/AppEntry.js ▓▓▓▓▓▓▓▓▓▓▓░░░░░ 70.4% ( 874/1042)

> Task :react-native-community_netinfo:generateReleaseLintModel
> Task :react-native-community_netinfo:prepareLintJarForPublish
> Task :react-native-community_netinfo:stripReleaseDebugSymbols NO-SOURCE
> Task :react-native-async-storage_async-storage:generateReleaseLintModel
> Task :react-native-vector-icons:generateReleaseLintModel
> Task :react-native-async-storage_async-storage:prepareLintJarForPublish
> Task :react-native-community_netinfo:copyReleaseJniLibsProjectAndLocalJars
> Task :react-native-async-storage_async-storage:stripReleaseDebugSymbols NO-SOURCE
> Task :react-native-community_netinfo:extractDeepLinksForAarRelease
> Task :react-native-vector-icons:prepareLintJarForPublish
> Task :react-native-vector-icons:stripReleaseDebugSymbols NO-SOURCE
> Task :react-native-async-storage_async-storage:extractDeepLinksForAarRelease
> Task :react-native-async-storage_async-storage:copyReleaseJniLibsProjectAndLocalJars
> Task :react-native-vector-icons:extractDeepLinksForAarRelease
> Task :react-native-vector-icons:copyReleaseJniLibsProjectAndLocalJars
> Task :react-native-community_netinfo:extractReleaseAnnotations
> Task :react-native-async-storage_async-storage:extractReleaseAnnotations
> Task :react-native-vector-icons:extractReleaseAnnotations
> Task :react-native-vector-icons:mergeReleaseGeneratedProguardFiles
> Task :react-native-async-storage_async-storage:mergeReleaseGeneratedProguardFiles
> Task :react-native-community_netinfo:mergeReleaseGeneratedProguardFiles
> Task :react-native-vector-icons:mergeReleaseConsumerProguardFiles
> Task :react-native-async-storage_async-storage:mergeReleaseConsumerProguardFiles
> Task :react-native-community_netinfo:mergeReleaseConsumerProguardFiles
> Task :react-native-vector-icons:mergeReleaseJavaResource
> Task :react-native-community_netinfo:mergeReleaseJavaResource
> Task :react-native-async-storage_async-storage:mergeReleaseJavaResource
> Task :react-native-vector-icons:syncReleaseLibJars
> Task :react-native-community_netinfo:syncReleaseLibJars
> Task :react-native-async-storage_async-storage:syncReleaseLibJars
> Task :react-native-async-storage_async-storage:bundleReleaseLocalLintAar
> Task :react-native-community_netinfo:bundleReleaseLocalLintAar
> Task :react-native-voice_voice:generateReleaseLintModel
> Task :react-native-vector-icons:bundleReleaseLocalLintAar
> Task :react-native-async-storage_async-storage:writeReleaseLintModelMetadata
> Task :react-native-voice_voice:prepareLintJarForPublish
> Task :react-native-voice_voice:stripReleaseDebugSymbols NO-SOURCE
> Task :react-native-voice_voice:copyReleaseJniLibsProjectAndLocalJars
> Task :react-native-voice_voice:extractDeepLinksForAarRelease
> Task :react-native-community_netinfo:writeReleaseLintModelMetadata
> Task :react-native-vector-icons:writeReleaseLintModelMetadata
> Task :react-native-voice_voice:extractReleaseAnnotations
> Task :react-native-voice_voice:mergeReleaseGeneratedProguardFiles
> Task :react-native-async-storage_async-storage:generateReleaseLintVitalModel
> Task :react-native-voice_voice:mergeReleaseConsumerProguardFiles
> Task :react-native-vector-icons:generateReleaseLintVitalModel
> Task :react-native-community_netinfo:generateReleaseLintVitalModel
> Task :react-native-async-storage_async-storage:bundleReleaseAar
> Task :react-native-voice_voice:writeReleaseLintModelMetadata
> Task :react-native-voice_voice:mergeReleaseJavaResource
> Task :react-native-community_netinfo:bundleReleaseAar
> Task :react-native-vector-icons:bundleReleaseAar
> Task :react-native-async-storage_async-storage:mapReleaseSourceSetPaths
> Task :react-native-community_netinfo:mapReleaseSourceSetPaths
> Task :react-native-vector-icons:mapReleaseSourceSetPaths
> Task :react-native-voice_voice:generateReleaseLintVitalModel
> Task :react-native-voice_voice:syncReleaseLibJars
> Task :react-native-voice_voice:bundleReleaseLocalLintAar
> Task :react-native-voice_voice:bundleReleaseAar
> Task :react-native-screens:configureCMakeRelWithDebInfo[arm64-v8a]
> Task :expo-modules-core:configureCMakeRelWithDebInfo[arm64-v8a]
> Task :react-native-voice_voice:mapReleaseSourceSetPaths
> Task :react-native-worklets:configureCMakeRelWithDebInfo[arm64-v8a]
> Task :react-native-worklets-core:configureCMakeRelWithDebInfo[arm64-v8a]
> Task :react-native-safe-area-context:mergeReleaseResources
> Task :react-native-community_netinfo:mergeReleaseResources
> Task :react-native-vector-icons:mergeReleaseResources
> Task :react-native-async-storage_async-storage:mergeReleaseResources
> Task :react-native-voice_voice:mergeReleaseResources

> Task :app:createBundleReleaseJsAndAssets
Android node_modules/expo/AppEntry.js ▓▓▓▓▓▓▓▓▓▓▓▓▓░░░ 83.1% (1251/1375)

> Task :react-native-worklets:configureCMakeRelWithDebInfo[armeabi-v7a]
> Task :react-native-worklets:configureCMakeRelWithDebInfo[x86]

> Task :react-native-worklets-core:buildCMakeRelWithDebInfo[arm64-v8a]
C/C++: ninja: Entering directory `/home/meson/Meson/mesonRadio/node_modules/react-native-worklets-core/android/.cxx/RelWithDebInfo/4a2t6d6u/arm64-v8a'
C/C++: In file included from /home/meson/Meson/mesonRadio/node_modules/react-native-worklets-core/android/cpp-adapter.cpp:6:
C/C++: In file included from /home/meson/Meson/mesonRadio/node_modules/react-native-worklets-core/android/../cpp/WKTJsiWorkletApi.h:14:
C/C++: In file included from /home/meson/Meson/mesonRadio/node_modules/react-native-worklets-core/android/../cpp/sharedvalues/WKTJsiSharedValue.h:8:
C/C++: /home/meson/Meson/mesonRadio/node_modules/react-native-worklets-core/android/../cpp/WKTJsiDispatcher.h:97:22: warning: exception of type 'const std::runtime_error &' will be caught by earlier handler [-Wexceptions]
C/C++:    97 |       } catch (const std::runtime_error &err) {
C/C++:       |                      ^
C/C++: /home/meson/Meson/mesonRadio/node_modules/react-native-worklets-core/android/../cpp/WKTJsiDispatcher.h:94:22: note: for type 'const std::exception &'
C/C++:    94 |       } catch (const std::exception &err) {
C/C++:       |                      ^
C/C++: 1 warning generated.

> Task :react-native-vector-icons:verifyReleaseResources
> Task :react-native-vector-icons:assembleRelease

> Task :app:createBundleReleaseJsAndAssets
Android node_modules/expo/AppEntry.js ▓▓▓▓▓▓▓▓▓▓▓▓▓▓▓░ 99.9% (1720/1720)

> Task :react-native-community_netinfo:verifyReleaseResources
> Task :react-native-community_netinfo:assembleRelease
> Task :react-native-async-storage_async-storage:verifyReleaseResources
> Task :react-native-async-storage_async-storage:assembleRelease
> Task :react-native-safe-area-context:verifyReleaseResources
> Task :react-native-voice_voice:verifyReleaseResources
> Task :react-native-voice_voice:assembleRelease
> Task :react-native-worklets:configureCMakeRelWithDebInfo[x86_64]
> Task :react-native-worklets:generateJsonModelRelease
> Task :react-native-worklets:prefabReleaseConfigurePackage

> Task :app:createBundleReleaseJsAndAssets
Android Bundled 15110ms node_modules/expo/AppEntry.js (1720 modules)
Android node_modules/expo/AppEntry.js ▓▓▓▓▓▓▓▓▓▓▓▓▓▓▓░ 99.9% (1720/1720)
Writing bundle output to: /home/meson/Meson/mesonRadio/android/app/build/generated/assets/createBundleReleaseJsAndAssets/index.android.bundle
Writing sourcemap output to: /home/meson/Meson/mesonRadio/android/app/build/intermediates/sourcemaps/react/release/index.android.bundle.packager.map
Copying 26 asset files
Done writing bundle output
Done writing sourcemap output

> Task :react-native-screens:buildCMakeRelWithDebInfo[arm64-v8a]

> Task :react-native-worklets-core:buildCMakeRelWithDebInfo[arm64-v8a]
C/C++: In file included from /home/meson/Meson/mesonRadio/node_modules/react-native-worklets-core/cpp/WKTJsiWorkletApi.cpp:1:
C/C++: In file included from /home/meson/Meson/mesonRadio/node_modules/react-native-worklets-core/cpp/WKTJsiWorkletApi.h:14:
C/C++: In file included from /home/meson/Meson/mesonRadio/node_modules/react-native-worklets-core/android/../cpp/sharedvalues/WKTJsiSharedValue.h:8:
C/C++: /home/meson/Meson/mesonRadio/node_modules/react-native-worklets-core/android/../cpp/WKTJsiDispatcher.h:97:22: warning: exception of type 'const std::runtime_error &' will be caught by earlier handler [-Wexceptions]
C/C++:    97 |       } catch (const std::runtime_error &err) {
C/C++:       |                      ^
C/C++: /home/meson/Meson/mesonRadio/node_modules/react-native-worklets-core/android/../cpp/WKTJsiDispatcher.h:94:22: note: for type 'const std::exception &'
C/C++:    94 |       } catch (const std::exception &err) {
C/C++:       |                      ^
C/C++: 1 warning generated.

> Task :react-native-community_netinfo:lintVitalAnalyzeRelease
> Task :react-native-vector-icons:lintVitalAnalyzeRelease
> Task :react-native-voice_voice:lintVitalAnalyzeRelease

> Task :react-native-worklets-core:buildCMakeRelWithDebInfo[arm64-v8a]
C/C++: In file included from /home/meson/Meson/mesonRadio/node_modules/react-native-worklets-core/cpp/WKTJsiWorkletContext.cpp:3:
C/C++: In file included from /home/meson/Meson/mesonRadio/node_modules/react-native-worklets-core/cpp/WKTJsiWorkletApi.h:14:
C/C++: In file included from /home/meson/Meson/mesonRadio/node_modules/react-native-worklets-core/android/../cpp/sharedvalues/WKTJsiSharedValue.h:8:
C/C++: /home/meson/Meson/mesonRadio/node_modules/react-native-worklets-core/android/../cpp/WKTJsiDispatcher.h:97:22: warning: exception of type 'const std::runtime_error &' will be caught by earlier handler [-Wexceptions]
C/C++:    97 |       } catch (const std::runtime_error &err) {
C/C++:       |                      ^
C/C++: /home/meson/Meson/mesonRadio/node_modules/react-native-worklets-core/android/../cpp/WKTJsiDispatcher.h:94:22: note: for type 'const std::exception &'
C/C++:    94 |       } catch (const std::exception &err) {
C/C++:       |                      ^
C/C++: 1 warning generated.

> Task :expo-modules-core:buildCMakeRelWithDebInfo[arm64-v8a]
> Task :react-native-screens:configureCMakeRelWithDebInfo[armeabi-v7a]
> Task :react-native-async-storage_async-storage:lintVitalAnalyzeRelease
> Task :react-native-worklets-core:configureCMakeRelWithDebInfo[armeabi-v7a]
> Task :react-native-safe-area-context:compileReleaseKotlin
> Task :react-native-worklets:buildCMakeRelWithDebInfo[arm64-v8a][worklets]
> Task :app:preBuild
> Task :app:preReleaseBuild
> Task :app:mergeReleaseJniLibFolders
> Task :expo-modules-core:configureCMakeRelWithDebInfo[armeabi-v7a]
> Task :app:generateReleaseBuildConfig
> Task :app:generateReleaseResValues
> Task :app:generateReleaseResources
> Task :app:packageReleaseResources
> Task :app:checkReleaseDuplicateClasses FAILED
> Task :app:createReleaseCompatibleScreenManifests
> Task :app:extractDeepLinksRelease
> Task :app:parseReleaseLocalResources

> Task :react-native-safe-area-context:compileReleaseKotlin
w: file:///home/meson/Meson/mesonRadio/node_modules/react-native-safe-area-context/android/src/main/java/com/th3rdwave/safeareacontext/SafeAreaView.kt:59:23 'val uiImplementation: UIImplementation!' is deprecated. Deprecated in Java.

> Task :react-native-worklets-core:buildCMakeRelWithDebInfo[armeabi-v7a]
C/C++: ninja: Entering directory `/home/meson/Meson/mesonRadio/node_modules/react-native-worklets-core/android/.cxx/RelWithDebInfo/4a2t6d6u/armeabi-v7a'
C/C++: In file included from /home/meson/Meson/mesonRadio/node_modules/react-native-worklets-core/android/cpp-adapter.cpp:6:
C/C++: In file included from /home/meson/Meson/mesonRadio/node_modules/react-native-worklets-core/android/../cpp/WKTJsiWorkletApi.h:14:
C/C++: In file included from /home/meson/Meson/mesonRadio/node_modules/react-native-worklets-core/android/../cpp/sharedvalues/WKTJsiSharedValue.h:8:
C/C++: /home/meson/Meson/mesonRadio/node_modules/react-native-worklets-core/android/../cpp/WKTJsiDispatcher.h:97:22: warning: exception of type 'const std::runtime_error &' will be caught by earlier handler [-Wexceptions]
C/C++:    97 |       } catch (const std::runtime_error &err) {
C/C++:       |                      ^
C/C++: /home/meson/Meson/mesonRadio/node_modules/react-native-worklets-core/android/../cpp/WKTJsiDispatcher.h:94:22: note: for type 'const std::exception &'
C/C++:    94 |       } catch (const std::exception &err) {
C/C++:       |                      ^
C/C++: 1 warning generated.

> Task :react-native-screens:buildCMakeRelWithDebInfo[armeabi-v7a]

> Task :react-native-worklets-core:buildCMakeRelWithDebInfo[armeabi-v7a]
C/C++: In file included from /home/meson/Meson/mesonRadio/node_modules/react-native-worklets-core/cpp/WKTJsiWorkletApi.cpp:1:
C/C++: In file included from /home/meson/Meson/mesonRadio/node_modules/react-native-worklets-core/cpp/WKTJsiWorkletApi.h:14:
C/C++: In file included from /home/meson/Meson/mesonRadio/node_modules/react-native-worklets-core/android/../cpp/sharedvalues/WKTJsiSharedValue.h:8:
C/C++: /home/meson/Meson/mesonRadio/node_modules/react-native-worklets-core/android/../cpp/WKTJsiDispatcher.h:97:22: warning: exception of type 'const std::runtime_error &' will be caught by earlier handler [-Wexceptions]
C/C++:    97 |       } catch (const std::runtime_error &err) {
C/C++:       |                      ^
C/C++: /home/meson/Meson/mesonRadio/node_modules/react-native-worklets-core/android/../cpp/WKTJsiDispatcher.h:94:22: note: for type 'const std::exception &'
C/C++:    94 |       } catch (const std::exception &err) {
C/C++:       |                      ^
C/C++: 1 warning generated.
C/C++: In file included from /home/meson/Meson/mesonRadio/node_modules/react-native-worklets-core/cpp/WKTJsiWorkletContext.cpp:3:
C/C++: In file included from /home/meson/Meson/mesonRadio/node_modules/react-native-worklets-core/cpp/WKTJsiWorkletApi.h:14:
C/C++: In file included from /home/meson/Meson/mesonRadio/node_modules/react-native-worklets-core/android/../cpp/sharedvalues/WKTJsiSharedValue.h:8:
C/C++: /home/meson/Meson/mesonRadio/node_modules/react-native-worklets-core/android/../cpp/WKTJsiDispatcher.h:97:22: warning: exception of type 'const std::runtime_error &' will be caught by earlier handler [-Wexceptions]
C/C++:    97 |       } catch (const std::runtime_error &err) {
C/C++:       |                      ^
C/C++: /home/meson/Meson/mesonRadio/node_modules/react-native-worklets-core/android/../cpp/WKTJsiDispatcher.h:94:22: note: for type 'const std::exception &'
C/C++:    94 |       } catch (const std::exception &err) {
C/C++:       |                      ^
C/C++: In file included from /home/meson/Meson/mesonRadio/node_modules/react-native-worklets-core/cpp/WKTJsiWorkletContext.cpp:15:
C/C++: /home/meson/Meson/mesonRadio/node_modules/react-native-worklets-core/android/../cpp/decorators/WKTJsiSetImmediateDecorator.h:85:53: warning: format specifies type 'unsigned long' but the argument has type 'size_t' (aka 'unsigned int') [-Wformat]
C/C++:    85 |                   printf("ctx %lu: setImmediate\n", context->getContextId());
C/C++:       |                               ~~~                   ^~~~~~~~~~~~~~~~~~~~~~~
C/C++:       |                               %zu
C/C++: 2 warnings generated.

> Task :expo-modules-core:buildCMakeRelWithDebInfo[armeabi-v7a]
> Task :react-native-worklets:buildCMakeRelWithDebInfo[armeabi-v7a][worklets]
> Task :react-native-reanimated:configureCMakeRelWithDebInfo[arm64-v8a]

[Incubating] Problems report is available at: file:///home/meson/Meson/mesonRadio/android/build/reports/problems/problems-report.html

FAILURE: Build failed with an exception.

* What went wrong:
Execution failed for task ':app:checkReleaseDuplicateClasses'.
> A failure occurred while executing com.android.build.gradle.internal.tasks.CheckDuplicatesRunnable
   > Duplicate class android.support.v4.app.INotificationSideChannel found in modules core-1.16.0.aar -> core-1.16.0-runtime (androidx.core:core:1.16.0) and support-compat-28.0.0.aar -> support-compat-28.0.0-runtime (com.android.support:support-compat:28.0.0)
     Duplicate class android.support.v4.app.INotificationSideChannel$Stub found in modules core-1.16.0.aar -> core-1.16.0-runtime (androidx.core:core:1.16.0) and support-compat-28.0.0.aar -> support-compat-28.0.0-runtime (com.android.support:support-compat:28.0.0)
     Duplicate class android.support.v4.app.INotificationSideChannel$Stub$Proxy found in modules core-1.16.0.aar -> core-1.16.0-runtime (androidx.core:core:1.16.0) and support-compat-28.0.0.aar -> support-compat-28.0.0-runtime (com.android.support:support-compat:28.0.0)
     Duplicate class android.support.v4.graphics.drawable.IconCompatParcelizer found in modules core-1.16.0.aar -> core-1.16.0-runtime (androidx.core:core:1.16.0) and support-compat-28.0.0.aar -> support-compat-28.0.0-runtime (com.android.support:support-compat:28.0.0)
     Duplicate class android.support.v4.os.IResultReceiver found in modules core-1.16.0.aar -> core-1.16.0-runtime (androidx.core:core:1.16.0) and support-compat-28.0.0.aar -> support-compat-28.0.0-runtime (com.android.support:support-compat:28.0.0)
     Duplicate class android.support.v4.os.IResultReceiver$Stub found in modules core-1.16.0.aar -> core-1.16.0-runtime (androidx.core:core:1.16.0) and support-compat-28.0.0.aar -> support-compat-28.0.0-runtime (com.android.support:support-compat:28.0.0)
     Duplicate class android.support.v4.os.IResultReceiver$Stub$Proxy found in modules core-1.16.0.aar -> core-1.16.0-runtime (androidx.core:core:1.16.0) and support-compat-28.0.0.aar -> support-compat-28.0.0-runtime (com.android.support:support-compat:28.0.0)
     Duplicate class android.support.v4.os.ResultReceiver found in modules core-1.16.0.aar -> core-1.16.0-runtime (androidx.core:core:1.16.0) and support-compat-28.0.0.aar -> support-compat-28.0.0-runtime (com.android.support:support-compat:28.0.0)
     Duplicate class android.support.v4.os.ResultReceiver$1 found in modules core-1.16.0.aar -> core-1.16.0-runtime (androidx.core:core:1.16.0) and support-compat-28.0.0.aar -> support-compat-28.0.0-runtime (com.android.support:support-compat:28.0.0)
     Duplicate class android.support.v4.os.ResultReceiver$MyResultReceiver found in modules core-1.16.0.aar -> core-1.16.0-runtime (androidx.core:core:1.16.0) and support-compat-28.0.0.aar -> support-compat-28.0.0-runtime (com.android.support:support-compat:28.0.0)
     Duplicate class android.support.v4.os.ResultReceiver$MyRunnable found in modules core-1.16.0.aar -> core-1.16.0-runtime (androidx.core:core:1.16.0) and support-compat-28.0.0.aar -> support-compat-28.0.0-runtime (com.android.support:support-compat:28.0.0)
     Duplicate class androidx.core.graphics.drawable.IconCompatParcelizer found in modules core-1.16.0.aar -> core-1.16.0-runtime (androidx.core:core:1.16.0) and support-compat-28.0.0.aar -> support-compat-28.0.0-runtime (com.android.support:support-compat:28.0.0)
     Duplicate class androidx.core.internal.package-info found in modules core-1.16.0.aar -> core-1.16.0-runtime (androidx.core:core:1.16.0) and support-compat-28.0.0.aar -> support-compat-28.0.0-runtime (com.android.support:support-compat:28.0.0)
     Duplicate class androidx.versionedparcelable.CustomVersionedParcelable found in modules versionedparcelable-1.1.1.aar -> versionedparcelable-1.1.1-runtime (androidx.versionedparcelable:versionedparcelable:1.1.1) and versionedparcelable-28.0.0.aar -> versionedparcelable-28.0.0-runtime (com.android.support:versionedparcelable:28.0.0)
     Duplicate class androidx.versionedparcelable.NonParcelField found in modules versionedparcelable-1.1.1.aar -> versionedparcelable-1.1.1-runtime (androidx.versionedparcelable:versionedparcelable:1.1.1) and versionedparcelable-28.0.0.aar -> versionedparcelable-28.0.0-runtime (com.android.support:versionedparcelable:28.0.0)
     Duplicate class androidx.versionedparcelable.ParcelField found in modules versionedparcelable-1.1.1.aar -> versionedparcelable-1.1.1-runtime (androidx.versionedparcelable:versionedparcelable:1.1.1) and versionedparcelable-28.0.0.aar -> versionedparcelable-28.0.0-runtime (com.android.support:versionedparcelable:28.0.0)
     Duplicate class androidx.versionedparcelable.ParcelImpl found in modules versionedparcelable-1.1.1.aar -> versionedparcelable-1.1.1-runtime (androidx.versionedparcelable:versionedparcelable:1.1.1) and versionedparcelable-28.0.0.aar -> versionedparcelable-28.0.0-runtime (com.android.support:versionedparcelable:28.0.0)
     Duplicate class androidx.versionedparcelable.ParcelImpl$1 found in modules versionedparcelable-1.1.1.aar -> versionedparcelable-1.1.1-runtime (androidx.versionedparcelable:versionedparcelable:1.1.1) and versionedparcelable-28.0.0.aar -> versionedparcelable-28.0.0-runtime (com.android.support:versionedparcelable:28.0.0)
     Duplicate class androidx.versionedparcelable.ParcelUtils found in modules versionedparcelable-1.1.1.aar -> versionedparcelable-1.1.1-runtime (androidx.versionedparcelable:versionedparcelable:1.1.1) and versionedparcelable-28.0.0.aar -> versionedparcelable-28.0.0-runtime (com.android.support:versionedparcelable:28.0.0)
     Duplicate class androidx.versionedparcelable.VersionedParcel found in modules versionedparcelable-1.1.1.aar -> versionedparcelable-1.1.1-runtime (androidx.versionedparcelable:versionedparcelable:1.1.1) and versionedparcelable-28.0.0.aar -> versionedparcelable-28.0.0-runtime (com.android.support:versionedparcelable:28.0.0)
     Duplicate class androidx.versionedparcelable.VersionedParcel$1 found in modules versionedparcelable-1.1.1.aar -> versionedparcelable-1.1.1-runtime (androidx.versionedparcelable:versionedparcelable:1.1.1) and versionedparcelable-28.0.0.aar -> versionedparcelable-28.0.0-runtime (com.android.support:versionedparcelable:28.0.0)
     Duplicate class androidx.versionedparcelable.VersionedParcel$ParcelException found in modules versionedparcelable-1.1.1.aar -> versionedparcelable-1.1.1-runtime (androidx.versionedparcelable:versionedparcelable:1.1.1) and versionedparcelable-28.0.0.aar -> versionedparcelable-28.0.0-runtime (com.android.support:versionedparcelable:28.0.0)
     Duplicate class androidx.versionedparcelable.VersionedParcelParcel found in modules versionedparcelable-1.1.1.aar -> versionedparcelable-1.1.1-runtime (androidx.versionedparcelable:versionedparcelable:1.1.1) and versionedparcelable-28.0.0.aar -> versionedparcelable-28.0.0-runtime (com.android.support:versionedparcelable:28.0.0)
     Duplicate class androidx.versionedparcelable.VersionedParcelStream found in modules versionedparcelable-1.1.1.aar -> versionedparcelable-1.1.1-runtime (androidx.versionedparcelable:versionedparcelable:1.1.1) and versionedparcelable-28.0.0.aar -> versionedparcelable-28.0.0-runtime (com.android.support:versionedparcelable:28.0.0)
     Duplicate class androidx.versionedparcelable.VersionedParcelStream$FieldBuffer found in modules versionedparcelable-1.1.1.aar -> versionedparcelable-1.1.1-runtime (androidx.versionedparcelable:versionedparcelable:1.1.1) and versionedparcelable-28.0.0.aar -> versionedparcelable-28.0.0-runtime (com.android.support:versionedparcelable:28.0.0)
     Duplicate class androidx.versionedparcelable.VersionedParcelable found in modules versionedparcelable-1.1.1.aar -> versionedparcelable-1.1.1-runtime (androidx.versionedparcelable:versionedparcelable:1.1.1) and versionedparcelable-28.0.0.aar -> versionedparcelable-28.0.0-runtime (com.android.support:versionedparcelable:28.0.0)
     Duplicate class androidx.versionedparcelable.VersionedParcelize found in modules versionedparcelable-1.1.1.aar -> versionedparcelable-1.1.1-runtime (androidx.versionedparcelable:versionedparcelable:1.1.1) and versionedparcelable-28.0.0.aar -> versionedparcelable-28.0.0-runtime (com.android.support:versionedparcelable:28.0.0)
     
     Learn how to fix dependency resolution errors at https://d.android.com/r/tools/classpath-sync-errors

* Try:
> Run with --stacktrace option to get the stack trace.
> Run with --info or --debug option to get more log output.
> Run with --scan to get full insights.
> Get more help at https://help.gradle.org.

Deprecated Gradle features were used in this build, making it incompatible with Gradle 9.0.

You can use '--warning-mode all' to show the individual deprecation warnings and determine if they come from your own scripts or plugins.

For more on this, please refer to https://docs.gradle.org/8.14.3/userguide/command_line_interface.html#sec:command_line_warnings in the Gradle documentation.

BUILD FAILED in 54s
347 actionable tasks: 323 executed, 24 up-to-date
